  ModuleWindow.cpp
c:\program files (x86)\microsoft visual studio 14.0\vc\include\limits(210): warning C4577: 'noexcept' used with no exception handling mode specified; termination on exception is not guaranteed. Specify /EHsc
  ModuleTextures.cpp
c:\program files (x86)\microsoft visual studio 14.0\vc\include\limits(210): warning C4577: 'noexcept' used with no exception handling mode specified; termination on exception is not guaranteed. Specify /EHsc
  ModuleSceneIntro.cpp
c:\program files (x86)\microsoft visual studio 14.0\vc\include\limits(210): warning C4577: 'noexcept' used with no exception handling mode specified; termination on exception is not guaranteed. Specify /EHsc
  ModuleRender.cpp
c:\program files (x86)\microsoft visual studio 14.0\vc\include\cmath(86): warning C4577: 'noexcept' used with no exception handling mode specified; termination on exception is not guaranteed. Specify /EHsc
  ModulePlayer.cpp
c:\program files (x86)\microsoft visual studio 14.0\vc\include\limits(210): warning C4577: 'noexcept' used with no exception handling mode specified; termination on exception is not guaranteed. Specify /EHsc
  ModulePhysics.cpp
c:\users\lucasgm\documents\github\physics-2\physics2_class1_handout\modulephysics.cpp(85): warning C4244: 'argument': conversion from 'int' to 'float', possible loss of data
c:\users\lucasgm\documents\github\physics-2\physics2_class1_handout\modulephysics.cpp(88): warning C4244: 'argument': conversion from 'int' to 'float', possible loss of data
c:\users\lucasgm\documents\github\physics-2\physics2_class1_handout\modulephysics.cpp(112): warning C4244: 'argument': conversion from 'float' to 'int', possible loss of data
c:\users\lucasgm\documents\github\physics-2\physics2_class1_handout\modulephysics.cpp(121): warning C4244: '=': conversion from 'float' to 'int', possible loss of data
c:\program files (x86)\microsoft visual studio 14.0\vc\include\limits(210): warning C4577: 'noexcept' used with no exception handling mode specified; termination on exception is not guaranteed. Specify /EHsc
  ModuleInput.cpp
c:\program files (x86)\microsoft visual studio 14.0\vc\include\limits(210): warning C4577: 'noexcept' used with no exception handling mode specified; termination on exception is not guaranteed. Specify /EHsc
  ModuleAudio.cpp
c:\program files (x86)\microsoft visual studio 14.0\vc\include\limits(210): warning C4577: 'noexcept' used with no exception handling mode specified; termination on exception is not guaranteed. Specify /EHsc
  Main.cpp
c:\program files (x86)\microsoft visual studio 14.0\vc\include\limits(210): warning C4577: 'noexcept' used with no exception handling mode specified; termination on exception is not guaranteed. Specify /EHsc
  log.cpp
  Application.cpp
c:\program files (x86)\microsoft visual studio 14.0\vc\include\limits(210): warning C4577: 'noexcept' used with no exception handling mode specified; termination on exception is not guaranteed. Specify /EHsc
  Generating Code...
  LINK : C:\Users\lucasgm\Documents\GitHub\Physics-2\Physics2_class1_handout\Debug\Physics 2 Class 1 Handout.exe not found or not built by the last incremental link; performing full link
  SDL Game.vcxproj -> C:\Users\lucasgm\Documents\GitHub\Physics-2\Physics2_class1_handout\Debug\Physics 2 Class 1 Handout.exe
  SDL Game.vcxproj -> C:\Users\lucasgm\Documents\GitHub\Physics-2\Physics2_class1_handout\Debug\Physics 2 Class 1 Handout.pdb (Full PDB)
