  log.cpp
  ModuleWindow.cpp
  ModuleTextures.cpp
  ModuleSceneIntro.cpp
c:\users\lucasgm\documents\github\physics-2\physics2_class2 - handout 2\modulephysics.h(37): warning C4244: '=': conversion from 'int' to 'float32', possible loss of data
c:\users\lucasgm\documents\github\physics-2\physics2_class2 - handout 2\modulephysics.h(38): warning C4244: '=': conversion from 'int' to 'float32', possible loss of data
c:\users\lucasgm\documents\github\physics-2\physics2_class2 - handout 2\modulesceneintro.cpp(81): warning C4244: 'argument': conversion from 'float32' to 'int', possible loss of data
c:\program files (x86)\microsoft visual studio 14.0\vc\include\cmath(131): warning C4577: 'noexcept' used with no exception handling mode specified; termination on exception is not guaranteed. Specify /EHsc
  ModuleRender.cpp
  ModulePlayer.cpp
  ModulePhysics.cpp
c:\users\lucasgm\documents\github\physics-2\physics2_class2 - handout 2\modulephysics.h(37): warning C4244: '=': conversion from 'int' to 'float32', possible loss of data
c:\users\lucasgm\documents\github\physics-2\physics2_class2 - handout 2\modulephysics.h(38): warning C4244: '=': conversion from 'int' to 'float32', possible loss of data
c:\users\lucasgm\documents\github\physics-2\physics2_class2 - handout 2\modulephysics.cpp(28): warning C4244: 'initializing': conversion from 'float' to 'int', possible loss of data
c:\users\lucasgm\documents\github\physics-2\physics2_class2 - handout 2\modulephysics.cpp(325): warning C4244: '=': conversion from 'double' to 'float32', possible loss of data
c:\users\lucasgm\documents\github\physics-2\physics2_class2 - handout 2\modulephysics.cpp(327): warning C4244: '=': conversion from 'double' to 'float32', possible loss of data
c:\program files (x86)\microsoft visual studio 14.0\vc\include\cmath(131): warning C4577: 'noexcept' used with no exception handling mode specified; termination on exception is not guaranteed. Specify /EHsc
  ModuleInput.cpp
  ModuleAudio.cpp
  Main.cpp
  Application.cpp
c:\users\lucasgm\documents\github\physics-2\physics2_class2 - handout 2\modulephysics.h(37): warning C4244: '=': conversion from 'int' to 'float32', possible loss of data
c:\users\lucasgm\documents\github\physics-2\physics2_class2 - handout 2\modulephysics.h(38): warning C4244: '=': conversion from 'int' to 'float32', possible loss of data
c:\program files (x86)\microsoft visual studio 14.0\vc\include\cmath(131): warning C4577: 'noexcept' used with no exception handling mode specified; termination on exception is not guaranteed. Specify /EHsc
  Generating Code...
  LINK : C:\Users\lucasgm\Documents\GitHub\Physics-2\Physics2_class2 - handout 2\Debug\2D Physics - class 2.exe not found or not built by the last incremental link; performing full link
  SDL Game.vcxproj -> C:\Users\lucasgm\Documents\GitHub\Physics-2\Physics2_class2 - handout 2\Debug\2D Physics - class 2.exe
  SDL Game.vcxproj -> C:\Users\lucasgm\Documents\GitHub\Physics-2\Physics2_class2 - handout 2\Debug\2D Physics - class 2.pdb (Full PDB)
